[
  {
    "timestamp": "2025-09-02T07:45:49.308102",
    "message": "\ud83e\udd16 Daily Message Bot started!\n\n\ud83d\udcc5 Next message scheduled for: 2025-09-02 09:00:00 UTC",
    "chat_id": "7909662095"
  },
  {
    "timestamp": "2025-09-02T07:45:50.541015",
    "message": "\ud83e\uddea This is a test message from your Daily Message Bot!",
    "chat_id": "7909662095"
  },
  {
    "timestamp": "2025-09-02T08:00:41.364165",
    "message": "\ud83e\udd16 Daily Message Bot started!\n\n\ud83d\udcc5 Next message scheduled for: 2025-09-02 09:00:00 UTC",
    "chat_id": "7909662095"
  },
  {
    "timestamp": "2025-09-02T08:04:03.576560",
    "message": "\ud83e\uddea This is a test message from your Daily Message Bot!",
    "chat_id": "7909662095"
  },
  {
    "timestamp": "2025-09-02T08:06:56.902017",
    "message": "\ud83e\udd16 Daily Message Bot started!\n\n\ud83d\udcc5 Next message scheduled for: 2025-09-02 09:00:00 UTC",
    "chat_id": "7909662095"
  },
  {
    "timestamp": "2025-09-02T08:10:07.598465",
    "message": "\ud83e\udd16 Daily Message Bot started!\n\n\ud83d\udcc5 Next message scheduled for: 2025-09-02 09:00:00 UTC",
    "chat_id": "7909662095"
  },
  {
    "timestamp": "2025-09-02T08:19:14.496480",
    "message": "\ud83e\udd16 Daily Message Bot started!\n\n\ud83d\udcc5 Next message scheduled for: 2025-09-02 09:00:00 UTC",
    "chat_id": "7909662095"
  },
  {
    "timestamp": "2025-09-02T08:25:05.325781",
    "message": "\ud83e\udd16 Daily Message Bot started!\n\n\ud83d\udcc5 Next message scheduled for: 2025-09-02 09:00:00 UTC",
    "chat_id": "7909662095"
  },
  {
    "timestamp": "2025-09-02T08:27:26.557885",
    "message": "\ud83e\udd16 Daily Message Bot started!\n\n\ud83d\udcc5 Next message scheduled for: 2025-09-02 09:00:00 UTC",
    "chat_id": "7909662095"
  },
  {
    "timestamp": "2025-09-02T08:33:56.294878",
    "message": "\ud83e\udd16 Daily Message Bot started!\n\n\ud83d\udcc5 Next message scheduled for: 2025-09-02 09:00:00 UTC",
    "chat_id": "7909662095"
  },
  {
    "timestamp": "2025-09-02T08:41:04.464195",
    "message": "\ud83e\udd16 Daily Message Bot started!\n\n\ud83d\udcc5 Next message scheduled for: 2025-09-02 09:00:00 UTC",
    "chat_id": "7909662095"
  }
]